<?xml version="1.0" encoding="UTF-8"?>
<testng-results skipped="0" failed="0" ignored="0" total="2" passed="2">
  <reporter-output>
  </reporter-output>
  <suite name="Default suite" duration-ms="116" started-at="2018-08-15T18:41:35Z" finished-at="2018-08-15T18:41:35Z">
    <groups>
    </groups>
    <test name="Default test" duration-ms="116" started-at="2018-08-15T18:41:35Z" finished-at="2018-08-15T18:41:35Z">
      <class name="test.basics">
        <test-method status="PASS" signature="Demo()[pri:0, instance:test.basics@c4c815]" name="Demo" duration-ms="13" started-at="2018-08-15T18:41:35Z" finished-at="2018-08-15T18:41:35Z">
          <reporter-output>
          </reporter-output>
        </test-method> <!-- Demo -->
        <test-method status="PASS" signature="Test()[pri:0, instance:test.basics@c4c815]" name="Test" duration-ms="2" started-at="2018-08-15T18:41:35Z" finished-at="2018-08-15T18:41:35Z">
          <reporter-output>
          </reporter-output>
        </test-method> <!-- Test -->
      </class> <!-- test.basics -->
    </test> <!-- Default test -->
  </suite> <!-- Default suite -->
</testng-results>
