<?xml version="1.0" encoding="UTF-8"?>
<testng-results skipped="0" failed="0" ignored="5" total="9" passed="4">
  <reporter-output>
  </reporter-output>
  <suite name="Loan project" duration-ms="59" started-at="2018-08-15T20:10:41Z" finished-at="2018-08-15T20:10:41Z">
    <groups>
      <group name="Smoke">
        <method signature="basics.Demo()[pri:0, instance:test.basics@16905e]" name="Demo" class="test.basics"/>
        <method signature="basics2.day1()[pri:0, instance:test.basics2@e2cbe0]" name="day1" class="test.basics2"/>
        <method signature="login.MobileLogin()[pri:0, instance:test.login@be2bc2]" name="MobileLogin" class="test.login"/>
        <method signature="login.WebSigninhome()[pri:0, instance:test.login@be2bc2]" name="WebSigninhome" class="test.login"/>
      </group> <!-- Smoke -->
    </groups>
    <test name="Regression" duration-ms="59" started-at="2018-08-15T20:10:41Z" finished-at="2018-08-15T20:10:41Z">
      <class name="test.basics">
        <test-method status="PASS" signature="Demo()[pri:0, instance:test.basics@16905e]" name="Demo" duration-ms="12" started-at="2018-08-15T20:10:41Z" finished-at="2018-08-15T20:10:41Z">
          <reporter-output>
          </reporter-output>
        </test-method> <!-- Demo -->
      </class> <!-- test.basics -->
      <class name="test.login">
        <test-method status="PASS" signature="MobileLogin()[pri:0, instance:test.login@be2bc2]" name="MobileLogin" duration-ms="2" started-at="2018-08-15T20:10:41Z" finished-at="2018-08-15T20:10:41Z">
          <reporter-output>
          </reporter-output>
        </test-method> <!-- MobileLogin -->
        <test-method status="PASS" signature="WebSigninhome()[pri:0, instance:test.login@be2bc2]" name="WebSigninhome" duration-ms="2" started-at="2018-08-15T20:10:41Z" finished-at="2018-08-15T20:10:41Z">
          <reporter-output>
          </reporter-output>
        </test-method> <!-- WebSigninhome -->
      </class> <!-- test.login -->
      <class name="test.basics2">
        <test-method status="PASS" signature="day1()[pri:0, instance:test.basics2@e2cbe0]" name="day1" duration-ms="1" started-at="2018-08-15T20:10:41Z" finished-at="2018-08-15T20:10:41Z">
          <reporter-output>
          </reporter-output>
        </test-method> <!-- day1 -->
      </class> <!-- test.basics2 -->
    </test> <!-- Regression -->
  </suite> <!-- Loan project -->
</testng-results>
