<?xml version="1.0" encoding="UTF-8"?>
<!-- Generated by org.testng.reporters.JUnitXMLReporter -->
<testsuite hostname="DESKTOP-8AHTIUM" ignored="0" name="Default test" tests="7" failures="0" timestamp="17 Aug 2018 00:16:06 GMT" time="0.093" errors="0">
  <testcase name="rest" time="0.013" classname="Qaclickacademy.RestAPITest"/>
  <testcase name="soap" time="0.002" classname="Qaclickacademy.RestAPITest"/>
  <testcase name="world" time="0.001" classname="Qaclickacademy.helloworldTest"/>
  <testcase name="Android" time="0.002" classname="Qaclickacademy.AppiumTest"/>
  <testcase name="ios" time="0.002" classname="Qaclickacademy.AppiumTest"/>
  <testcase name="BrowserAutomation" time="0.003" classname="Qaclickacademy.seleniumTest"/>
  <testcase name="elementsUI" time="0.002" classname="Qaclickacademy.seleniumTest"/>
</testsuite> <!-- Default test -->
