<?xml version="1.0" encoding="UTF-8"?>
<testsuite xmlns:xsi="http://www.w3.org/2001/XMLSchema-instance" xsi:noNamespaceSchemaLocation="https://maven.apache.org/surefire/maven-surefire-plugin/xsd/surefire-test-report.xsd" name="Qaclickacademy.seleniumTest" time="0.711" tests="2" errors="0" skipped="0" failures="0">
  <properties>
[...]
</properties>
  <testcase name="BrowserAutomation" classname="Qaclickacademy.seleniumTest" time="0.01"/>
  <testcase name="elementsUI" classname="Qaclickacademy.seleniumTest" time="0"/>
</testsuite>