<?xml version="1.0" encoding="UTF-8"?>
<!-- Generated by org.testng.reporters.JUnitXMLReporter -->
<testsuite hostname="DESKTOP-8AHTIUM" ignored="0" name="Car loan" tests="5" failures="1" timestamp="16 Aug 2018 17:38:25 GMT" time="0.206" errors="0">
  <testcase name="WebsiteCarLoan" time="0.015" classname="test.parameters"/>
  <testcase name="users" time="0.001" classname="test.parameters"/>
  <testcase name="users" time="0.002" classname="test.parameters"/>
  <testcase name="users" time="0.003" classname="test.parameters"/>
  <testcase name="users1" time="0.104" classname="test.parameters">
    <failure type="java.lang.AssertionError" message="expected [true] but found [false]">
      <![CDATA[java.lang.AssertionError: expected [true] but found [false]
at test.parameters.users1(parameters.java:46)
... Removed 29 stack frames]]>
    </failure>
  </testcase> <!-- users1 -->
</testsuite> <!-- Car loan -->
