<?xml version="1.0" encoding="UTF-8"?>
<!-- Generated by org.testng.reporters.JUnitXMLReporter -->
<testsuite hostname="DESKTOP-8AHTIUM" ignored="1" name="Car loan" tests="2" failures="0" timestamp="16 Aug 2018 00:12:58 GMT" time="0.011" errors="0">
  <testcase name="day1" time="0.002" classname="test.basics2"/>
  <testcase name="day2" time="0.002" classname="test.basics2"/>
  <testcase name="day" time="0.0" classname="test.basics2">
    <ignored/>
  </testcase> <!-- day -->
</testsuite> <!-- Car loan -->
