<?xml version="1.0" encoding="UTF-8"?>
<!-- Generated by org.testng.reporters.JUnitXMLReporter -->
<testsuite hostname="DESKTOP-8AHTIUM" ignored="0" name="Home loan" tests="5" failures="0" timestamp="16 Aug 2018 02:58:09 GMT" time="0.017" errors="0">
  <testcase name="WebLoginhome" time="0.001" classname="test.login"/>
  <testcase name="WebSignouthome" time="0.001" classname="test.login"/>
  <testcase name="MobileLogin" time="0.001" classname="test.login"/>
  <testcase name="WebSigninhome" time="0.004" classname="test.login"/>
  <testcase name="APIRest" time="0.001" classname="test.login"/>
</testsuite> <!-- Home loan -->
