<?xml version="1.0" encoding="UTF-8"?>
<!-- Generated by org.testng.reporters.JUnitXMLReporter -->
<testsuite hostname="DESKTOP-8AHTIUM" ignored="1" name="Home loan" tests="4" failures="0" timestamp="15 Aug 2018 19:23:42 GMT" time="0.012" errors="0">
  <testcase name="MobileLogin" time="0.002" classname="test.login"/>
  <testcase name="WebLoginhome" time="0.001" classname="test.login"/>
  <testcase name="WebSigninhome" time="0.001" classname="test.login"/>
  <testcase name="WebSignouthome" time="0.001" classname="test.login"/>
  <testcase name="APIRest" time="0.0" classname="test.login">
    <ignored/>
  </testcase> <!-- APIRest -->
</testsuite> <!-- Home loan -->
