<?xml version="1.0" encoding="UTF-8"?>
<!-- Generated by org.testng.reporters.JUnitXMLReporter -->
<testsuite hostname="DESKTOP-8AHTIUM" ignored="4" name="personal loan" tests="3" failures="0" timestamp="16 Aug 2018 17:56:55 GMT" time="0.129" errors="0">
  <testcase name="Demo" time="0.017" classname="test.basics"/>
  <testcase name="Demo1" time="0.048" classname="test.basics"/>
  <testcase name="WebLoginhome" time="0.005" classname="test.login"/>
  <testcase name="WebSigninhome" time="0.0" classname="test.login">
    <ignored/>
  </testcase> <!-- WebSigninhome -->
  <testcase name="MobileLogin" time="0.0" classname="test.login">
    <ignored/>
  </testcase> <!-- MobileLogin -->
  <testcase name="APIRest" time="0.0" classname="test.login">
    <ignored/>
  </testcase> <!-- APIRest -->
  <testcase name="WebSignouthome" time="0.0" classname="test.login">
    <ignored/>
  </testcase> <!-- WebSignouthome -->
</testsuite> <!-- personal loan -->
