<?xml version="1.0" encoding="UTF-8"?>
<!-- Generated by org.testng.reporters.JUnitXMLReporter -->
<testsuite hostname="DESKTOP-8AHTIUM" ignored="2" name="personal loan" tests="3" failures="0" timestamp="15 Aug 2018 19:15:29 GMT" time="0.055" errors="0">
  <testcase name="Demo" time="0.015" classname="test.basics"/>
  <testcase name="Test" time="0.002" classname="test.basics"/>
  <testcase name="WebLoginhome" time="0.001" classname="test.login"/>
  <testcase name="LoginApi" time="0.0" classname="test.login">
    <ignored/>
  </testcase> <!-- LoginApi -->
  <testcase name="MobileLogin" time="0.0" classname="test.login">
    <ignored/>
  </testcase> <!-- MobileLogin -->
</testsuite> <!-- personal loan -->
