<?xml version="1.0" encoding="UTF-8"?>
<!-- Generated by org.testng.reporters.JUnitXMLReporter -->
<testsuite hostname="DESKTOP-8AHTIUM" ignored="10" tests="0" failures="0" timestamp="16 Aug 2018 17:56:55 GMT" time="0.009" errors="0">
  <testcase name="day" time="0.0" classname="test.basics2">
    <ignored/>
  </testcase> <!-- day -->
  <testcase name="WebSigninhome" time="0.0" classname="test.login">
    <ignored/>
  </testcase> <!-- WebSigninhome -->
  <testcase name="MobileLogin" time="0.0" classname="test.login">
    <ignored/>
  </testcase> <!-- MobileLogin -->
  <testcase name="Demo" time="0.0" classname="test.basics">
    <ignored/>
  </testcase> <!-- Demo -->
  <testcase name="day1" time="0.0" classname="test.basics2">
    <ignored/>
  </testcase> <!-- day1 -->
  <testcase name="APIRest" time="0.0" classname="test.login">
    <ignored/>
  </testcase> <!-- APIRest -->
  <testcase name="WebLoginhome" time="0.0" classname="test.login">
    <ignored/>
  </testcase> <!-- WebLoginhome -->
  <testcase name="day2" time="0.0" classname="test.basics2">
    <ignored/>
  </testcase> <!-- day2 -->
  <testcase name="WebSignouthome" time="0.0" classname="test.login">
    <ignored/>
  </testcase> <!-- WebSignouthome -->
  <testcase name="Demo1" time="0.0" classname="test.basics">
    <ignored/>
  </testcase> <!-- Demo1 -->
</testsuite>
