<?xml version="1.0" encoding="UTF-8"?>
<!-- Generated by org.testng.reporters.JUnitXMLReporter -->
<testsuite hostname="DESKTOP-8AHTIUM" ignored="5" name="Regression" tests="4" failures="0" timestamp="15 Aug 2018 20:10:41 GMT" time="0.059" errors="0">
  <testcase name="Demo" time="0.012" classname="test.basics"/>
  <testcase name="day1" time="0.001" classname="test.basics2"/>
  <testcase name="MobileLogin" time="0.002" classname="test.login"/>
  <testcase name="WebSigninhome" time="0.002" classname="test.login"/>
  <testcase name="day" time="0.0" classname="test.basics2">
    <ignored/>
  </testcase> <!-- day -->
  <testcase name="APIRest" time="0.0" classname="test.login">
    <ignored/>
  </testcase> <!-- APIRest -->
  <testcase name="WebLoginhome" time="0.0" classname="test.login">
    <ignored/>
  </testcase> <!-- WebLoginhome -->
  <testcase name="WebSignouthome" time="0.0" classname="test.login">
    <ignored/>
  </testcase> <!-- WebSignouthome -->
  <testcase name="Demo1" time="0.0" classname="test.basics">
    <ignored/>
  </testcase> <!-- Demo1 -->
</testsuite> <!-- Regression -->
