<?xml version="1.0" encoding="UTF-8"?>
<!-- Generated by org.testng.reporters.JUnitXMLReporter -->
<testsuite hostname="DESKTOP-8AHTIUM" ignored="0" name="Command line test" tests="7" failures="0" timestamp="17 Aug 2018 03:16:14 GMT" time="0.046" errors="0">
  <testcase name="Android" time="0.0" classname="Qaclickacademy.AppiumTest"/>
  <testcase name="ios" time="0.0" classname="Qaclickacademy.AppiumTest"/>
  <testcase name="world" time="0.0" classname="Qaclickacademy.helloworldTest"/>
  <testcase name="rest" time="0.0" classname="Qaclickacademy.RestAPITest"/>
  <testcase name="soap" time="0.0" classname="Qaclickacademy.RestAPITest"/>
  <testcase name="BrowserAutomation" time="0.0" classname="Qaclickacademy.seleniumTest"/>
  <testcase name="elementsUI" time="0.0" classname="Qaclickacademy.seleniumTest"/>
</testsuite> <!-- Command line test -->
