<?xml version="1.0" encoding="UTF-8"?>
<testng-results skipped="0" failed="0" ignored="0" total="2" passed="2">
  <reporter-output>
  </reporter-output>
  <suite name="Default suite" duration-ms="78" started-at="2018-08-16T20:48:46Z" finished-at="2018-08-16T20:48:46Z">
    <groups>
    </groups>
    <test name="Default test" duration-ms="78" started-at="2018-08-16T20:48:46Z" finished-at="2018-08-16T20:48:46Z">
      <class name="Qaclickacademy.RestAPI">
        <test-method status="PASS" signature="rest()[pri:0, instance:Qaclickacademy.RestAPI@fc185]" name="rest" duration-ms="17" started-at="2018-08-16T20:48:46Z" finished-at="2018-08-16T20:48:46Z">
          <reporter-output>
          </reporter-output>
        </test-method> <!-- rest -->
        <test-method status="PASS" signature="soap()[pri:0, instance:Qaclickacademy.RestAPI@fc185]" name="soap" duration-ms="2" started-at="2018-08-16T20:48:46Z" finished-at="2018-08-16T20:48:46Z">
          <reporter-output>
          </reporter-output>
        </test-method> <!-- soap -->
      </class> <!-- Qaclickacademy.RestAPI -->
    </test> <!-- Default test -->
  </suite> <!-- Default suite -->
</testng-results>
