<?xml version="1.0" encoding="UTF-8"?>
<!-- Generated by org.testng.reporters.JUnitXMLReporter -->
<testsuite hostname="DESKTOP-8AHTIUM" ignored="0" name="Qaclickacademy" tests="6" failures="0" timestamp="16 Aug 2018 22:17:59 GMT" time="0.089" errors="0">
  <testcase name="Android" time="0.02" classname="Qaclickacademy.AppiumTest"/>
  <testcase name="ios" time="0.002" classname="Qaclickacademy.AppiumTest"/>
  <testcase name="rest" time="0.002" classname="Qaclickacademy.RestAPI"/>
  <testcase name="soap" time="0.003" classname="Qaclickacademy.RestAPI"/>
  <testcase name="BrowserAutomation" time="0.001" classname="Qaclickacademy.seleniumtest"/>
  <testcase name="elementsUI" time="0.002" classname="Qaclickacademy.seleniumtest"/>
</testsuite> <!-- Qaclickacademy -->
